Removed Pin From Net: NetName=+5V Pin=C5-1
Removed Pin From Net: NetName=GND Pin=C5-2
Removed Pin From Net: NetName=+5V Pin=D1-5
Removed Pin From Net: NetName=+5V Pin=J1-4
Removed Pin From Net: NetName=GND Pin=J1-6
Removed Pin From Net: NetName=GND Pin=J4-4
Removed Pin From Net: NetName=+5V Pin=J7-2
Removed Pin From Net: NetName=+5V Pin=J7-5
Removed Pin From Net: NetName=+5V Pin=LED6-1
Removed Pin From Net: NetName=+5V Pin=LED7-1
Removed Pin From Net: NetName=GND Pin=R8-1
Removed Pin From Net: NetName=+5V Pin=R10-2
Removed Pin From Net: NetName=NetC4_2 Pin=SW3-1
Removed Pin From Net: NetName=+5V Pin=SW3-2
Removed Pin From Net: NetName=+5V Pin=SW4-1
Removed Pin From Net: NetName=GND Pin=SW5-2
Added Pin To Net: NetName=NetC4_2 Pin=C5-1
Added Pin To Net: NetName=AREF Pin=C5-2
Added Pin To Net: NetName=NetC4_2 Pin=D1-5
Added Pin To Net: NetName=NetC4_2 Pin=J1-4
Added Pin To Net: NetName=AREF Pin=J1-6
Added Pin To Net: NetName=AREF Pin=J4-4
Added Pin To Net: NetName=NetC4_2 Pin=J7-2
Added Pin To Net: NetName=NetC4_2 Pin=J7-5
Added Pin To Net: NetName=NetC4_2 Pin=LED6-1
Added Pin To Net: NetName=NetC4_2 Pin=LED7-1
Added Pin To Net: NetName=AREF Pin=R8-1
Added Pin To Net: NetName=NetC4_2 Pin=R10-2
Added Pin To Net: NetName=+5V Pin=SW3-1
Added Pin To Net: NetName=NetC4_2 Pin=SW3-2
Added Pin To Net: NetName=NetC4_2 Pin=SW4-1
Added Pin To Net: NetName=AREF Pin=SW5-2
Change Net Name : Old Net Name=+5V New Net Name=NetC2_2
Change Net Name : Old Net Name=NetC4_2 New Net Name=+5V
Added Room: Name=Sheet3
Added Rule: Name=Schematic Width Constraint_6
Added Rule: Name=Schematic Width Constraint_7
